\BOOKMARK [1][-]{section.1}{Introduction}{}% 1
\BOOKMARK [2][-]{subsection.1.1}{Motivation}{section.1}% 2
\BOOKMARK [2][-]{subsection.1.2}{Review of Previous Work}{section.1}% 3
\BOOKMARK [1][-]{section.2}{Methodology}{}% 4
\BOOKMARK [2][-]{subsection.2.1}{Notation}{section.2}% 5
\BOOKMARK [2][-]{subsection.2.2}{Sketching and Linear Update}{section.2}% 6
\BOOKMARK [2][-]{subsection.2.3}{Low-Rank Approximation}{section.2}% 7
\BOOKMARK [2][-]{subsection.2.4}{Fixed-Rank Approximation}{section.2}% 8
\BOOKMARK [2][-]{subsection.2.5}{Implementation and Costs}{section.2}% 9
\BOOKMARK [2][-]{subsection.2.6}{Distributed Setting}{section.2}% 10
\BOOKMARK [1][-]{section.3}{Main Theorem}{}% 11
\BOOKMARK [1][-]{section.4}{Numerical Experiments}{}% 12
\BOOKMARK [2][-]{subsection.4.1}{Synthetic Examples}{section.4}% 13
\BOOKMARK [3][-]{subsubsection.4.1.1}{Experimental Setup}{subsection.4.1}% 14
\BOOKMARK [3][-]{subsubsection.4.1.2}{Numerical Results}{subsection.4.1}% 15
\BOOKMARK [2][-]{subsection.4.2}{Application Examples}{section.4}% 16
\BOOKMARK [1][-]{section.5}{Conclusion}{}% 17
\BOOKMARK [1][-]{Appendix.1.A}{Appendix Proof for Main Results}{}% 18
\BOOKMARK [2][-]{subsection.1.A.1}{Proof for Theorem 3.1}{Appendix.1.A}% 19
\BOOKMARK [2][-]{subsection.1.A.2}{Proof for Corollary 3.2}{Appendix.1.A}% 20
\BOOKMARK [1][-]{Appendix.1.B}{Appendix Probabilistic Analysis of the Compression Error}{}% 21
\BOOKMARK [1][-]{Appendix.1.C}{Appendix Probabilistic Analysis of Core Sketch Error}{}% 22
\BOOKMARK [2][-]{subsection.1.C.1}{Decomposition of Core Sketch Error}{Appendix.1.C}% 23
\BOOKMARK [2][-]{subsection.1.C.2}{Probabilistic Core Error Bound}{Appendix.1.C}% 24
\BOOKMARK [1][-]{Appendix.1.D}{Appendix Proof for Lemma 2.1}{}% 25
\BOOKMARK [1][-]{Appendix.1.E}{Appendix Technical Lemmas}{}% 26
\BOOKMARK [2][-]{subsection.1.E.1}{Technical Lemmas for sketching Matrix}{Appendix.1.E}% 27
\BOOKMARK [2][-]{subsection.1.E.2}{Some Facts for Projection of Mode Unfolding of a Tensor}{Appendix.1.E}% 28
\BOOKMARK [1][-]{Appendix.1.F}{Appendix More Algorithms}{}% 29
\BOOKMARK [1][-]{Appendix.1.G}{Appendix More Simulation Results}{}% 30
\BOOKMARK [1][-]{Appendix.1.H}{Appendix More Real Data Results}{}% 31
\BOOKMARK [1][-]{Appendix.1.I}{Appendix Computational Complexity}{}% 32
\BOOKMARK [1][-]{Appendix.1.J}{Appendix Review of Tensor Algorithmic Operators}{}% 33
